<?xml version="1.0" encoding="UTF-8"?>
<testsuite name="org.zerock.b01.repository.BoardRepositoryTests" tests="1" skipped="0" failures="0" errors="0" timestamp="2023-07-28T08:44:06" hostname="DESKTOP-8M0TORM" time="0.356">
  <properties/>
  <testcase name="testTitle()" classname="org.zerock.b01.repository.BoardRepositoryTests" time="0.356"/>
  <system-out><![CDATA[17:44:00.578 [Test worker] DEBUG org.springframework.test.context.BootstrapUtils - Instantiating CacheAwareContextLoaderDelegate from class [org.springframework.test.context.cache.DefaultCacheAwareContextLoaderDelegate]
17:44:00.592 [Test worker] DEBUG org.springframework.test.context.BootstrapUtils - Instantiating BootstrapContext using constructor [public org.springframework.test.context.support.DefaultBootstrapContext(java.lang.Class,org.springframework.test.context.CacheAwareContextLoaderDelegate)]
17:44:00.641 [Test worker] DEBUG org.springframework.test.context.BootstrapUtils - Instantiating TestContextBootstrapper for test class [org.zerock.b01.repository.BoardRepositoryTests] from class [org.springframework.boot.test.context.SpringBootTestContextBootstrapper]
17:44:00.659 [Test worker] INFO org.springframework.boot.test.context.SpringBootTestContextBootstrapper - Neither @ContextConfiguration nor @ContextHierarchy found for test class [org.zerock.b01.repository.BoardRepositoryTests], using SpringBootContextLoader
17:44:00.666 [Test worker] DEBUG org.springframework.test.context.support.AbstractContextLoader - Did not detect default resource location for test class [org.zerock.b01.repository.BoardRepositoryTests]: class path resource [org/zerock/b01/repository/BoardRepositoryTests-context.xml] does not exist
17:44:00.666 [Test worker] DEBUG org.springframework.test.context.support.AbstractContextLoader - Did not detect default resource location for test class [org.zerock.b01.repository.BoardRepositoryTests]: class path resource [org/zerock/b01/repository/BoardRepositoryTestsContext.groovy] does not exist
17:44:00.667 [Test worker] INFO org.springframework.test.context.support.AbstractContextLoader - Could not detect default resource locations for test class [org.zerock.b01.repository.BoardRepositoryTests]: no resource found for suffixes {-context.xml, Context.groovy}.
17:44:00.668 [Test worker] INFO org.springframework.test.context.support.AnnotationConfigContextLoaderUtils - Could not detect default configuration classes for test class [org.zerock.b01.repository.BoardRepositoryTests]: BoardRepositoryTests does not declare any static, non-private, non-final, nested classes annotated with @Configuration.
17:44:00.734 [Test worker] DEBUG org.springframework.test.context.support.ActiveProfilesUtils - Could not find an 'annotation declaring class' for annotation type [org.springframework.test.context.ActiveProfiles] and class [org.zerock.b01.repository.BoardRepositoryTests]
17:44:00.815 [Test worker] DEBUG org.springframework.context.annotation.ClassPathScanningCandidateComponentProvider - Identified candidate component class: file [C:\Works\8.SpringBoot\b01\build\classes\java\main\org\zerock\b01\B01Application.class]
17:44:00.816 [Test worker] INFO org.springframework.boot.test.context.SpringBootTestContextBootstrapper - Found @SpringBootConfiguration org.zerock.b01.B01Application for test class org.zerock.b01.repository.BoardRepositoryTests
17:44:00.992 [Test worker] DEBUG org.springframework.boot.test.context.SpringBootTestContextBootstrapper - @TestExecutionListeners is not present for class [org.zerock.b01.repository.BoardRepositoryTests]: using defaults.
17:44:00.993 [Test worker] INFO org.springframework.boot.test.context.SpringBootTestContextBootstrapper - Loaded default TestExecutionListener class names from location [META-INF/spring.factories]: [org.springframework.boot.test.autoconfigure.restdocs.RestDocsTestExecutionListener, org.springframework.boot.test.autoconfigure.web.client.MockRestServiceServerResetTestExecutionListener, org.springframework.boot.test.autoconfigure.web.servlet.MockMvcPrintOnlyOnFailureTestExecutionListener, org.springframework.boot.test.autoconfigure.web.servlet.WebDriverTestExecutionListener, org.springframework.boot.test.autoconfigure.webservices.client.MockWebServiceServerTestExecutionListener, org.springframework.boot.test.mock.mockito.MockitoTestExecutionListener, org.springframework.boot.test.mock.mockito.ResetMocksTestExecutionListener, org.springframework.test.context.web.ServletTestExecutionListener, org.springframework.test.context.support.DirtiesContextBeforeModesTestExecutionListener, org.springframework.test.context.event.ApplicationEventsTestExecutionListener, org.springframework.test.context.support.DependencyInjectionTestExecutionListener, org.springframework.test.context.support.DirtiesContextTestExecutionListener, org.springframework.test.context.transaction.TransactionalTestExecutionListener, org.springframework.test.context.jdbc.SqlScriptsTestExecutionListener, org.springframework.test.context.event.EventPublishingTestExecutionListener]
17:44:01.015 [Test worker] INFO org.springframework.boot.test.context.SpringBootTestContextBootstrapper - Using TestExecutionListeners: [org.springframework.test.context.web.ServletTestExecutionListener@7561db12, org.springframework.test.context.support.DirtiesContextBeforeModesTestExecutionListener@3301500b, org.springframework.test.context.event.ApplicationEventsTestExecutionListener@24b52d3e, org.springframework.boot.test.mock.mockito.MockitoTestExecutionListener@15deb1dc, org.springframework.boot.test.autoconfigure.SpringBootDependencyInjectionTestExecutionListener@6e9c413e, org.springframework.test.context.support.DirtiesContextTestExecutionListener@57a4d5ee, org.springframework.test.context.transaction.TransactionalTestExecutionListener@5af5def9, org.springframework.test.context.jdbc.SqlScriptsTestExecutionListener@3a45c42a, org.springframework.test.context.event.EventPublishingTestExecutionListener@36dce7ed, org.springframework.boot.test.autoconfigure.restdocs.RestDocsTestExecutionListener@47a64f7d, org.springframework.boot.test.autoconfigure.web.client.MockRestServiceServerResetTestExecutionListener@33d05366, org.springframework.boot.test.autoconfigure.web.servlet.MockMvcPrintOnlyOnFailureTestExecutionListener@27a0a5a2, org.springframework.boot.test.autoconfigure.web.servlet.WebDriverTestExecutionListener@7692cd34, org.springframework.boot.test.autoconfigure.webservices.client.MockWebServiceServerTestExecutionListener@33aa93c, org.springframework.boot.test.mock.mockito.ResetMocksTestExecutionListener@32c0915e]
17:44:01.020 [Test worker] DEBUG org.springframework.test.context.support.AbstractDirtiesContextTestExecutionListener - Before test class: context [DefaultTestContext@5f577419 testClass = BoardRepositoryTests, testInstance = [null], testMethod = [null], testException = [null], mergedContextConfiguration = [WebMergedContextConfiguration@28fa700e testClass = BoardRepositoryTests, locations = '{}', classes = '{class org.zerock.b01.B01Application}', contextInitializerClasses = '[]', activeProfiles = '{}', propertySourceLocations = '{}', propertySourceProperties = '{org.springframework.boot.test.context.SpringBootTestContextBootstrapper=true}', contextCustomizers = set[org.springframework.boot.test.autoconfigure.actuate.metrics.MetricsExportContextCustomizerFactory$DisableMetricExportContextCustomizer@27305e6, org.springframework.boot.test.autoconfigure.properties.PropertyMappingContextCustomizer@0, org.springframework.boot.test.autoconfigure.web.servlet.WebDriverContextCustomizerFactory$Customizer@6b9ce1bf, org.springframework.boot.test.context.filter.ExcludeFilterContextCustomizer@609640d5, org.springframework.boot.test.json.DuplicateJsonObjectContextCustomizerFactory$DuplicateJsonObjectContextCustomizer@62ea3440, org.springframework.boot.test.mock.mockito.MockitoContextCustomizer@0, org.springframework.boot.test.web.client.TestRestTemplateContextCustomizer@295eaa7c, org.springframework.boot.test.context.SpringBootTestArgs@1, org.springframework.boot.test.context.SpringBootTestWebEnvironment@72ade7e3], resourceBasePath = 'src/main/webapp', contextLoader = 'org.springframework.boot.test.context.SpringBootContextLoader', parent = [null]], attributes = map['org.springframework.test.context.web.ServletTestExecutionListener.activateListener' -> true]], class annotated with @DirtiesContext [false] with mode [null].

  .   ____          _            __ _ _
 /\\ / ___'_ __ _ _(_)_ __  __ _ \ \ \ \
( ( )\___ | '_ | '_| | '_ \/ _` | \ \ \ \
 \\/  ___)| |_)| | | | | || (_| |  ) ) ) )
  '  |____| .__|_| |_|_| |_\__, | / / / /
 =========|_|==============|___/=/_/_/_/
 :: Spring Boot ::               (v2.7.14)

2023-07-28 17:44:01.530  INFO 89728 --- [    Test worker] o.z.b01.repository.BoardRepositoryTests  : Starting BoardRepositoryTests using Java 11.0.18 on DESKTOP-8M0TORM with PID 89728 (started by Admin in C:\Works\8.SpringBoot\b01)
2023-07-28 17:44:01.531 DEBUG 89728 --- [    Test worker] o.z.b01.repository.BoardRepositoryTests  : Running with Spring Boot v2.7.14, Spring v5.3.29
2023-07-28 17:44:01.532  INFO 89728 --- [    Test worker] o.z.b01.repository.BoardRepositoryTests  : No active profile set, falling back to 1 default profile: "default"
2023-07-28 17:44:02.571  INFO 89728 --- [    Test worker] .s.d.r.c.RepositoryConfigurationDelegate : Bootstrapping Spring Data JPA repositories in DEFAULT mode.
2023-07-28 17:44:02.632  INFO 89728 --- [    Test worker] .s.d.r.c.RepositoryConfigurationDelegate : Finished Spring Data repository scanning in 51 ms. Found 1 JPA repository interfaces.
2023-07-28 17:44:03.277  INFO 89728 --- [    Test worker] o.hibernate.jpa.internal.util.LogHelper  : HHH000204: Processing PersistenceUnitInfo [name: default]
2023-07-28 17:44:03.347  INFO 89728 --- [    Test worker] org.hibernate.Version                    : HHH000412: Hibernate ORM core version 5.6.15.Final
2023-07-28 17:44:03.576  INFO 89728 --- [    Test worker] o.hibernate.annotations.common.Version   : HCANN000001: Hibernate Commons Annotations {5.1.2.Final}
2023-07-28 17:44:03.735  INFO 89728 --- [    Test worker] com.zaxxer.hikari.HikariDataSource       : HikariPool-1 - Starting...
2023-07-28 17:44:03.825  INFO 89728 --- [    Test worker] com.zaxxer.hikari.HikariDataSource       : HikariPool-1 - Start completed.
2023-07-28 17:44:03.867  INFO 89728 --- [    Test worker] org.hibernate.dialect.Dialect            : HHH000400: Using dialect: org.hibernate.dialect.MariaDB103Dialect
2023-07-28 17:44:04.546  INFO 89728 --- [    Test worker] o.h.e.t.j.p.i.JtaPlatformInitiator       : HHH000490: Using JtaPlatform implementation: [org.hibernate.engine.transaction.jta.platform.internal.NoJtaPlatform]
2023-07-28 17:44:04.557  INFO 89728 --- [    Test worker] j.LocalContainerEntityManagerFactoryBean : Initialized JPA EntityManagerFactory for persistence unit 'default'
2023-07-28 17:44:04.839  WARN 89728 --- [    Test worker] JpaBaseConfiguration$JpaWebConfiguration : spring.jpa.open-in-view is enabled by default. Therefore, database queries may be performed during view rendering. Explicitly configure spring.jpa.open-in-view to disable this warning
2023-07-28 17:44:06.100  INFO 89728 --- [    Test worker] o.z.b01.repository.BoardRepositoryTests  : Started BoardRepositoryTests in 4.977 seconds (JVM running for 6.685)
Hibernate: 
    select
        board0_.bno as bno1_0_,
        board0_.content as content2_0_,
        board0_.title as title3_0_,
        board0_.writer as writer4_0_ 
    from
        board board0_ 
    where
        board0_.title=?
2023-07-28 17:44:06.474  INFO 89728 --- [    Test worker] o.z.b01.repository.BoardRepositoryTests  : Board(bno=100, title=title....100, content=content....100, writer=user0)
]]></system-out>
  <system-err><![CDATA[]]></system-err>
</testsuite>
