<?xml version="1.0" encoding="UTF-8"?>
<testsuite name="org.zerock.b01.service.BoardServiceImplTests" tests="1" skipped="0" failures="0" errors="0" timestamp="2023-08-01T03:56:43" hostname="DESKTOP-8M0TORM" time="0.362">
  <properties/>
  <testcase name="testList()" classname="org.zerock.b01.service.BoardServiceImplTests" time="0.362"/>
  <system-out><![CDATA[12:56:37.840 [Test worker] DEBUG org.springframework.test.context.BootstrapUtils - Instantiating CacheAwareContextLoaderDelegate from class [org.springframework.test.context.cache.DefaultCacheAwareContextLoaderDelegate]
12:56:37.855 [Test worker] DEBUG org.springframework.test.context.BootstrapUtils - Instantiating BootstrapContext using constructor [public org.springframework.test.context.support.DefaultBootstrapContext(java.lang.Class,org.springframework.test.context.CacheAwareContextLoaderDelegate)]
12:56:37.902 [Test worker] DEBUG org.springframework.test.context.BootstrapUtils - Instantiating TestContextBootstrapper for test class [org.zerock.b01.service.BoardServiceImplTests] from class [org.springframework.boot.test.context.SpringBootTestContextBootstrapper]
12:56:37.918 [Test worker] INFO org.springframework.boot.test.context.SpringBootTestContextBootstrapper - Neither @ContextConfiguration nor @ContextHierarchy found for test class [org.zerock.b01.service.BoardServiceImplTests], using SpringBootContextLoader
12:56:37.918 [Test worker] DEBUG org.springframework.test.context.support.AbstractContextLoader - Did not detect default resource location for test class [org.zerock.b01.service.BoardServiceImplTests]: class path resource [org/zerock/b01/service/BoardServiceImplTests-context.xml] does not exist
12:56:37.918 [Test worker] DEBUG org.springframework.test.context.support.AbstractContextLoader - Did not detect default resource location for test class [org.zerock.b01.service.BoardServiceImplTests]: class path resource [org/zerock/b01/service/BoardServiceImplTestsContext.groovy] does not exist
12:56:37.918 [Test worker] INFO org.springframework.test.context.support.AbstractContextLoader - Could not detect default resource locations for test class [org.zerock.b01.service.BoardServiceImplTests]: no resource found for suffixes {-context.xml, Context.groovy}.
12:56:37.918 [Test worker] INFO org.springframework.test.context.support.AnnotationConfigContextLoaderUtils - Could not detect default configuration classes for test class [org.zerock.b01.service.BoardServiceImplTests]: BoardServiceImplTests does not declare any static, non-private, non-final, nested classes annotated with @Configuration.
12:56:37.981 [Test worker] DEBUG org.springframework.test.context.support.ActiveProfilesUtils - Could not find an 'annotation declaring class' for annotation type [org.springframework.test.context.ActiveProfiles] and class [org.zerock.b01.service.BoardServiceImplTests]
12:56:38.075 [Test worker] DEBUG org.springframework.context.annotation.ClassPathScanningCandidateComponentProvider - Identified candidate component class: file [C:\Works\8.SpringBoot\b01\build\classes\java\main\org\zerock\b01\B01Application.class]
12:56:38.075 [Test worker] INFO org.springframework.boot.test.context.SpringBootTestContextBootstrapper - Found @SpringBootConfiguration org.zerock.b01.B01Application for test class org.zerock.b01.service.BoardServiceImplTests
12:56:38.200 [Test worker] DEBUG org.springframework.boot.test.context.SpringBootTestContextBootstrapper - @TestExecutionListeners is not present for class [org.zerock.b01.service.BoardServiceImplTests]: using defaults.
12:56:38.200 [Test worker] INFO org.springframework.boot.test.context.SpringBootTestContextBootstrapper - Loaded default TestExecutionListener class names from location [META-INF/spring.factories]: [org.springframework.boot.test.autoconfigure.restdocs.RestDocsTestExecutionListener, org.springframework.boot.test.autoconfigure.web.client.MockRestServiceServerResetTestExecutionListener, org.springframework.boot.test.autoconfigure.web.servlet.MockMvcPrintOnlyOnFailureTestExecutionListener, org.springframework.boot.test.autoconfigure.web.servlet.WebDriverTestExecutionListener, org.springframework.boot.test.autoconfigure.webservices.client.MockWebServiceServerTestExecutionListener, org.springframework.boot.test.mock.mockito.MockitoTestExecutionListener, org.springframework.boot.test.mock.mockito.ResetMocksTestExecutionListener, org.springframework.test.context.web.ServletTestExecutionListener, org.springframework.test.context.support.DirtiesContextBeforeModesTestExecutionListener, org.springframework.test.context.event.ApplicationEventsTestExecutionListener, org.springframework.test.context.support.DependencyInjectionTestExecutionListener, org.springframework.test.context.support.DirtiesContextTestExecutionListener, org.springframework.test.context.transaction.TransactionalTestExecutionListener, org.springframework.test.context.jdbc.SqlScriptsTestExecutionListener, org.springframework.test.context.event.EventPublishingTestExecutionListener]
12:56:38.231 [Test worker] INFO org.springframework.boot.test.context.SpringBootTestContextBootstrapper - Using TestExecutionListeners: [org.springframework.test.context.web.ServletTestExecutionListener@106faf11, org.springframework.test.context.support.DirtiesContextBeforeModesTestExecutionListener@70f43b45, org.springframework.test.context.event.ApplicationEventsTestExecutionListener@26d10f2e, org.springframework.boot.test.mock.mockito.MockitoTestExecutionListener@10ad20cb, org.springframework.boot.test.autoconfigure.SpringBootDependencyInjectionTestExecutionListener@7dd712e8, org.springframework.test.context.support.DirtiesContextTestExecutionListener@2c282004, org.springframework.test.context.transaction.TransactionalTestExecutionListener@22ee2d0, org.springframework.test.context.jdbc.SqlScriptsTestExecutionListener@7bfc3126, org.springframework.test.context.event.EventPublishingTestExecutionListener@3e792ce3, org.springframework.boot.test.autoconfigure.restdocs.RestDocsTestExecutionListener@53bc1328, org.springframework.boot.test.autoconfigure.web.client.MockRestServiceServerResetTestExecutionListener@26f143ed, org.springframework.boot.test.autoconfigure.web.servlet.MockMvcPrintOnlyOnFailureTestExecutionListener@3c1e3314, org.springframework.boot.test.autoconfigure.web.servlet.WebDriverTestExecutionListener@4b770e40, org.springframework.boot.test.autoconfigure.webservices.client.MockWebServiceServerTestExecutionListener@78e16155, org.springframework.boot.test.mock.mockito.ResetMocksTestExecutionListener@54a3ab8f]
12:56:38.231 [Test worker] DEBUG org.springframework.test.context.support.AbstractDirtiesContextTestExecutionListener - Before test class: context [DefaultTestContext@63a5e46c testClass = BoardServiceImplTests, testInstance = [null], testMethod = [null], testException = [null], mergedContextConfiguration = [WebMergedContextConfiguration@7e8e8651 testClass = BoardServiceImplTests, locations = '{}', classes = '{class org.zerock.b01.B01Application}', contextInitializerClasses = '[]', activeProfiles = '{}', propertySourceLocations = '{}', propertySourceProperties = '{org.springframework.boot.test.context.SpringBootTestContextBootstrapper=true}', contextCustomizers = set[org.springframework.boot.test.autoconfigure.actuate.metrics.MetricsExportContextCustomizerFactory$DisableMetricExportContextCustomizer@60dce7ea, org.springframework.boot.test.autoconfigure.properties.PropertyMappingContextCustomizer@0, org.springframework.boot.test.autoconfigure.web.servlet.WebDriverContextCustomizerFactory$Customizer@7a791b66, org.springframework.boot.test.context.filter.ExcludeFilterContextCustomizer@61884cb1, org.springframework.boot.test.json.DuplicateJsonObjectContextCustomizerFactory$DuplicateJsonObjectContextCustomizer@79da1ec0, org.springframework.boot.test.mock.mockito.MockitoContextCustomizer@0, org.springframework.boot.test.web.client.TestRestTemplateContextCustomizer@1e63ec0b, org.springframework.boot.test.context.SpringBootTestArgs@1, org.springframework.boot.test.context.SpringBootTestWebEnvironment@6f1c29b7], resourceBasePath = 'src/main/webapp', contextLoader = 'org.springframework.boot.test.context.SpringBootContextLoader', parent = [null]], attributes = map['org.springframework.test.context.web.ServletTestExecutionListener.activateListener' -> true]], class annotated with @DirtiesContext [false] with mode [null].

  .   ____          _            __ _ _
 /\\ / ___'_ __ _ _(_)_ __  __ _ \ \ \ \
( ( )\___ | '_ | '_| | '_ \/ _` | \ \ \ \
 \\/  ___)| |_)| | | | | || (_| |  ) ) ) )
  '  |____| .__|_| |_|_| |_\__, | / / / /
 =========|_|==============|___/=/_/_/_/
 :: Spring Boot ::               (v2.7.14)

2023-08-01 12:56:38.724  INFO 108440 --- [    Test worker] o.z.b01.service.BoardServiceImplTests    : Starting BoardServiceImplTests using Java 11.0.18 on DESKTOP-8M0TORM with PID 108440 (started by Admin in C:\Works\8.SpringBoot\b01)
2023-08-01 12:56:38.724 DEBUG 108440 --- [    Test worker] o.z.b01.service.BoardServiceImplTests    : Running with Spring Boot v2.7.14, Spring v5.3.29
2023-08-01 12:56:38.724  INFO 108440 --- [    Test worker] o.z.b01.service.BoardServiceImplTests    : No active profile set, falling back to 1 default profile: "default"
2023-08-01 12:56:39.820  INFO 108440 --- [    Test worker] .s.d.r.c.RepositoryConfigurationDelegate : Bootstrapping Spring Data JPA repositories in DEFAULT mode.
2023-08-01 12:56:39.892  INFO 108440 --- [    Test worker] .s.d.r.c.RepositoryConfigurationDelegate : Finished Spring Data repository scanning in 64 ms. Found 1 JPA repository interfaces.
2023-08-01 12:56:40.632  INFO 108440 --- [    Test worker] o.hibernate.jpa.internal.util.LogHelper  : HHH000204: Processing PersistenceUnitInfo [name: default]
2023-08-01 12:56:40.697  INFO 108440 --- [    Test worker] org.hibernate.Version                    : HHH000412: Hibernate ORM core version 5.6.15.Final
2023-08-01 12:56:40.928  INFO 108440 --- [    Test worker] o.hibernate.annotations.common.Version   : HCANN000001: Hibernate Commons Annotations {5.1.2.Final}
2023-08-01 12:56:41.110  INFO 108440 --- [    Test worker] com.zaxxer.hikari.HikariDataSource       : HikariPool-1 - Starting...
2023-08-01 12:56:41.217  INFO 108440 --- [    Test worker] com.zaxxer.hikari.HikariDataSource       : HikariPool-1 - Start completed.
2023-08-01 12:56:41.261  INFO 108440 --- [    Test worker] org.hibernate.dialect.Dialect            : HHH000400: Using dialect: org.hibernate.dialect.MariaDB103Dialect
2023-08-01 12:56:42.010  INFO 108440 --- [    Test worker] o.h.e.t.j.p.i.JtaPlatformInitiator       : HHH000490: Using JtaPlatform implementation: [org.hibernate.engine.transaction.jta.platform.internal.NoJtaPlatform]
2023-08-01 12:56:42.022  INFO 108440 --- [    Test worker] j.LocalContainerEntityManagerFactoryBean : Initialized JPA EntityManagerFactory for persistence unit 'default'
2023-08-01 12:56:43.130  WARN 108440 --- [    Test worker] JpaBaseConfiguration$JpaWebConfiguration : spring.jpa.open-in-view is enabled by default. Therefore, database queries may be performed during view rendering. Explicitly configure spring.jpa.open-in-view to disable this warning
2023-08-01 12:56:43.947  INFO 108440 --- [    Test worker] o.z.b01.service.BoardServiceImplTests    : Started BoardServiceImplTests in 5.622 seconds (JVM running for 8.562)
Hibernate: 
    select
        board0_.bno as bno1_0_,
        board0_.moddate as moddate2_0_,
        board0_.regdate as regdate3_0_,
        board0_.content as content4_0_,
        board0_.title as title5_0_,
        board0_.writer as writer6_0_ 
    from
        board board0_ 
    where
        (
            board0_.title like ? escape '!' 
            or board0_.content like ? escape '!' 
            or board0_.writer like ? escape '!'
        ) 
        and board0_.bno>? 
    order by
        board0_.bno desc limit ?
Hibernate: 
    select
        count(board0_.bno) as col_0_0_ 
    from
        board board0_ 
    where
        (
            board0_.title like ? escape '!' 
            or board0_.content like ? escape '!' 
            or board0_.writer like ? escape '!'
        ) 
        and board0_.bno>?
2023-08-01 12:56:44.244  INFO 108440 --- [    Test worker] org.zerock.b01.service.BoardServiceImpl  : aaa getTotalPages : 2
2023-08-01 12:56:44.245  INFO 108440 --- [    Test worker] org.zerock.b01.service.BoardServiceImpl  : aaa getSize : 10
2023-08-01 12:56:44.248  INFO 108440 --- [    Test worker] org.zerock.b01.service.BoardServiceImpl  : aaa getSize : 20
2023-08-01 12:56:44.257  INFO 108440 --- [    Test worker] org.zerock.b01.service.BoardServiceImpl  : Board(bno=100, title=title....100, content=content....100, writer=user0)
2023-08-01 12:56:44.257  INFO 108440 --- [    Test worker] org.zerock.b01.service.BoardServiceImpl  : Board(bno=91, title=title....91, content=content....91, writer=user1)
2023-08-01 12:56:44.257  INFO 108440 --- [    Test worker] org.zerock.b01.service.BoardServiceImpl  : Board(bno=81, title=title....81, content=content....81, writer=user1)
2023-08-01 12:56:44.258  INFO 108440 --- [    Test worker] org.zerock.b01.service.BoardServiceImpl  : Board(bno=71, title=title....71, content=content....71, writer=user1)
2023-08-01 12:56:44.258  INFO 108440 --- [    Test worker] org.zerock.b01.service.BoardServiceImpl  : Board(bno=61, title=title....61, content=content....61, writer=user1)
2023-08-01 12:56:44.258  INFO 108440 --- [    Test worker] org.zerock.b01.service.BoardServiceImpl  : Board(bno=51, title=title....51, content=content....51, writer=user1)
2023-08-01 12:56:44.258  INFO 108440 --- [    Test worker] org.zerock.b01.service.BoardServiceImpl  : Board(bno=41, title=title....41, content=content....41, writer=user1)
2023-08-01 12:56:44.258  INFO 108440 --- [    Test worker] org.zerock.b01.service.BoardServiceImpl  : Board(bno=31, title=title....31, content=content....31, writer=user1)
2023-08-01 12:56:44.258  INFO 108440 --- [    Test worker] org.zerock.b01.service.BoardServiceImpl  : Board(bno=21, title=title....21, content=content....21, writer=user1)
2023-08-01 12:56:44.258  INFO 108440 --- [    Test worker] org.zerock.b01.service.BoardServiceImpl  : Board(bno=19, title=title....19, content=content....19, writer=user9)
2023-08-01 12:56:44.321  INFO 108440 --- [    Test worker] o.z.b01.service.BoardServiceImplTests    : PageResponseDTO(page=1, size=10, total=20, start=1, end=2, prev=false, next=false, dtoList=[BoardDTO(bno=100, title=title....100, content=content....100, writer=user0, regDate=2023-07-31T10:17:21.287353, modDate=2023-07-31T10:17:21.287353), BoardDTO(bno=91, title=title....91, content=content....91, writer=user1, regDate=2023-07-31T10:17:21.264433, modDate=2023-07-31T10:17:21.264433), BoardDTO(bno=81, title=title....81, content=content....81, writer=user1, regDate=2023-07-31T10:17:21.237504, modDate=2023-07-31T10:17:21.237504), BoardDTO(bno=71, title=title....71, content=content....71, writer=user1, regDate=2023-07-31T10:17:21.196596, modDate=2023-07-31T10:17:21.196596), BoardDTO(bno=61, title=title....61, content=content....61, writer=user1, regDate=2023-07-31T10:17:21.161690, modDate=2023-07-31T10:17:21.161690), BoardDTO(bno=51, title=title....51, content=content....51, writer=user1, regDate=2023-07-31T10:17:21.126783, modDate=2023-07-31T10:17:21.126783), BoardDTO(bno=41, title=title....41, content=content....41, writer=user1, regDate=2023-07-31T10:17:21.093871, modDate=2023-07-31T10:17:21.093871), BoardDTO(bno=31, title=title....31, content=content....31, writer=user1, regDate=2023-07-31T10:17:21.061956, modDate=2023-07-31T10:17:21.061956), BoardDTO(bno=21, title=title....21, content=content....21, writer=user1, regDate=2023-07-31T10:17:21.027049, modDate=2023-07-31T10:17:21.027049), BoardDTO(bno=19, title=title....19, content=content....19, writer=user9, regDate=2023-07-31T10:17:21.017075, modDate=2023-07-31T10:17:21.017075)])
]]></system-out>
  <system-err><![CDATA[]]></system-err>
</testsuite>
