<?xml version="1.0" encoding="UTF-8"?>
<testsuite name="org.zerock.b01.service.BoardServiceImplTests" tests="1" skipped="0" failures="0" errors="0" timestamp="2023-08-01T13:51:22" hostname="DESKTOP-2RHJQNG" time="0.381">
  <properties/>
  <testcase name="testReadOne()" classname="org.zerock.b01.service.BoardServiceImplTests" time="0.381"/>
  <system-out><![CDATA[22:51:17.249 [Test worker] DEBUG org.springframework.test.context.BootstrapUtils - Instantiating CacheAwareContextLoaderDelegate from class [org.springframework.test.context.cache.DefaultCacheAwareContextLoaderDelegate]
22:51:17.264 [Test worker] DEBUG org.springframework.test.context.BootstrapUtils - Instantiating BootstrapContext using constructor [public org.springframework.test.context.support.DefaultBootstrapContext(java.lang.Class,org.springframework.test.context.CacheAwareContextLoaderDelegate)]
22:51:17.296 [Test worker] DEBUG org.springframework.test.context.BootstrapUtils - Instantiating TestContextBootstrapper for test class [org.zerock.b01.service.BoardServiceImplTests] from class [org.springframework.boot.test.context.SpringBootTestContextBootstrapper]
22:51:17.308 [Test worker] INFO org.springframework.boot.test.context.SpringBootTestContextBootstrapper - Neither @ContextConfiguration nor @ContextHierarchy found for test class [org.zerock.b01.service.BoardServiceImplTests], using SpringBootContextLoader
22:51:17.315 [Test worker] DEBUG org.springframework.test.context.support.AbstractContextLoader - Did not detect default resource location for test class [org.zerock.b01.service.BoardServiceImplTests]: class path resource [org/zerock/b01/service/BoardServiceImplTests-context.xml] does not exist
22:51:17.316 [Test worker] DEBUG org.springframework.test.context.support.AbstractContextLoader - Did not detect default resource location for test class [org.zerock.b01.service.BoardServiceImplTests]: class path resource [org/zerock/b01/service/BoardServiceImplTestsContext.groovy] does not exist
22:51:17.316 [Test worker] INFO org.springframework.test.context.support.AbstractContextLoader - Could not detect default resource locations for test class [org.zerock.b01.service.BoardServiceImplTests]: no resource found for suffixes {-context.xml, Context.groovy}.
22:51:17.316 [Test worker] INFO org.springframework.test.context.support.AnnotationConfigContextLoaderUtils - Could not detect default configuration classes for test class [org.zerock.b01.service.BoardServiceImplTests]: BoardServiceImplTests does not declare any static, non-private, non-final, nested classes annotated with @Configuration.
22:51:17.372 [Test worker] DEBUG org.springframework.test.context.support.ActiveProfilesUtils - Could not find an 'annotation declaring class' for annotation type [org.springframework.test.context.ActiveProfiles] and class [org.zerock.b01.service.BoardServiceImplTests]
22:51:17.443 [Test worker] DEBUG org.springframework.context.annotation.ClassPathScanningCandidateComponentProvider - Identified candidate component class: file [C:\sooyeon's works\6.SpringBoot\b01\build\classes\java\main\org\zerock\b01\B01Application.class]
22:51:17.445 [Test worker] INFO org.springframework.boot.test.context.SpringBootTestContextBootstrapper - Found @SpringBootConfiguration org.zerock.b01.B01Application for test class org.zerock.b01.service.BoardServiceImplTests
22:51:17.567 [Test worker] DEBUG org.springframework.boot.test.context.SpringBootTestContextBootstrapper - @TestExecutionListeners is not present for class [org.zerock.b01.service.BoardServiceImplTests]: using defaults.
22:51:17.568 [Test worker] INFO org.springframework.boot.test.context.SpringBootTestContextBootstrapper - Loaded default TestExecutionListener class names from location [META-INF/spring.factories]: [org.springframework.boot.test.autoconfigure.restdocs.RestDocsTestExecutionListener, org.springframework.boot.test.autoconfigure.web.client.MockRestServiceServerResetTestExecutionListener, org.springframework.boot.test.autoconfigure.web.servlet.MockMvcPrintOnlyOnFailureTestExecutionListener, org.springframework.boot.test.autoconfigure.web.servlet.WebDriverTestExecutionListener, org.springframework.boot.test.autoconfigure.webservices.client.MockWebServiceServerTestExecutionListener, org.springframework.boot.test.mock.mockito.MockitoTestExecutionListener, org.springframework.boot.test.mock.mockito.ResetMocksTestExecutionListener, org.springframework.test.context.web.ServletTestExecutionListener, org.springframework.test.context.support.DirtiesContextBeforeModesTestExecutionListener, org.springframework.test.context.event.ApplicationEventsTestExecutionListener, org.springframework.test.context.support.DependencyInjectionTestExecutionListener, org.springframework.test.context.support.DirtiesContextTestExecutionListener, org.springframework.test.context.transaction.TransactionalTestExecutionListener, org.springframework.test.context.jdbc.SqlScriptsTestExecutionListener, org.springframework.test.context.event.EventPublishingTestExecutionListener]
22:51:17.589 [Test worker] INFO org.springframework.boot.test.context.SpringBootTestContextBootstrapper - Using TestExecutionListeners: [org.springframework.test.context.web.ServletTestExecutionListener@5fd62371, org.springframework.test.context.support.DirtiesContextBeforeModesTestExecutionListener@28a0fd6c, org.springframework.test.context.event.ApplicationEventsTestExecutionListener@2b62442c, org.springframework.boot.test.mock.mockito.MockitoTestExecutionListener@66629f63, org.springframework.boot.test.autoconfigure.SpringBootDependencyInjectionTestExecutionListener@841e575, org.springframework.test.context.support.DirtiesContextTestExecutionListener@27a5328c, org.springframework.test.context.transaction.TransactionalTestExecutionListener@1e5f4170, org.springframework.test.context.jdbc.SqlScriptsTestExecutionListener@6c345c5f, org.springframework.test.context.event.EventPublishingTestExecutionListener@6b5966e1, org.springframework.boot.test.autoconfigure.restdocs.RestDocsTestExecutionListener@65e61854, org.springframework.boot.test.autoconfigure.web.client.MockRestServiceServerResetTestExecutionListener@1568159, org.springframework.boot.test.autoconfigure.web.servlet.MockMvcPrintOnlyOnFailureTestExecutionListener@4fcee388, org.springframework.boot.test.autoconfigure.web.servlet.WebDriverTestExecutionListener@6f80fafe, org.springframework.boot.test.autoconfigure.webservices.client.MockWebServiceServerTestExecutionListener@3af17be2, org.springframework.boot.test.mock.mockito.ResetMocksTestExecutionListener@f9879ac]
22:51:17.594 [Test worker] DEBUG org.springframework.test.context.support.AbstractDirtiesContextTestExecutionListener - Before test class: context [DefaultTestContext@62dae245 testClass = BoardServiceImplTests, testInstance = [null], testMethod = [null], testException = [null], mergedContextConfiguration = [WebMergedContextConfiguration@4b6579e8 testClass = BoardServiceImplTests, locations = '{}', classes = '{class org.zerock.b01.B01Application}', contextInitializerClasses = '[]', activeProfiles = '{}', propertySourceLocations = '{}', propertySourceProperties = '{org.springframework.boot.test.context.SpringBootTestContextBootstrapper=true}', contextCustomizers = set[org.springframework.boot.test.autoconfigure.actuate.metrics.MetricsExportContextCustomizerFactory$DisableMetricExportContextCustomizer@46944ca9, org.springframework.boot.test.autoconfigure.properties.PropertyMappingContextCustomizer@0, org.springframework.boot.test.autoconfigure.web.servlet.WebDriverContextCustomizerFactory$Customizer@74eb909f, org.springframework.boot.test.context.filter.ExcludeFilterContextCustomizer@4df5bcb4, org.springframework.boot.test.json.DuplicateJsonObjectContextCustomizerFactory$DuplicateJsonObjectContextCustomizer@4d9ac0b4, org.springframework.boot.test.mock.mockito.MockitoContextCustomizer@0, org.springframework.boot.test.web.client.TestRestTemplateContextCustomizer@25bfcafd, org.springframework.boot.test.context.SpringBootTestArgs@1, org.springframework.boot.test.context.SpringBootTestWebEnvironment@209da20d], resourceBasePath = 'src/main/webapp', contextLoader = 'org.springframework.boot.test.context.SpringBootContextLoader', parent = [null]], attributes = map['org.springframework.test.context.web.ServletTestExecutionListener.activateListener' -> true]], class annotated with @DirtiesContext [false] with mode [null].

  .   ____          _            __ _ _
 /\\ / ___'_ __ _ _(_)_ __  __ _ \ \ \ \
( ( )\___ | '_ | '_| | '_ \/ _` | \ \ \ \
 \\/  ___)| |_)| | | | | || (_| |  ) ) ) )
  '  |____| .__|_| |_|_| |_\__, | / / / /
 =========|_|==============|___/=/_/_/_/
 :: Spring Boot ::               (v2.7.14)

2023-08-01 22:51:17.948  INFO 8864 --- [    Test worker] o.z.b01.service.BoardServiceImplTests    : Starting BoardServiceImplTests using Java 17.0.6 on DESKTOP-2RHJQNG with PID 8864 (started by tnrdu in C:\sooyeon's works\6.SpringBoot\b01)
2023-08-01 22:51:17.948 DEBUG 8864 --- [    Test worker] o.z.b01.service.BoardServiceImplTests    : Running with Spring Boot v2.7.14, Spring v5.3.29
2023-08-01 22:51:17.949  INFO 8864 --- [    Test worker] o.z.b01.service.BoardServiceImplTests    : No active profile set, falling back to 1 default profile: "default"
2023-08-01 22:51:18.828  INFO 8864 --- [    Test worker] .s.d.r.c.RepositoryConfigurationDelegate : Bootstrapping Spring Data JPA repositories in DEFAULT mode.
2023-08-01 22:51:18.905  INFO 8864 --- [    Test worker] .s.d.r.c.RepositoryConfigurationDelegate : Finished Spring Data repository scanning in 68 ms. Found 1 JPA repository interfaces.
2023-08-01 22:51:19.525  INFO 8864 --- [    Test worker] o.hibernate.jpa.internal.util.LogHelper  : HHH000204: Processing PersistenceUnitInfo [name: default]
2023-08-01 22:51:19.602  INFO 8864 --- [    Test worker] org.hibernate.Version                    : HHH000412: Hibernate ORM core version 5.6.15.Final
2023-08-01 22:51:19.792  INFO 8864 --- [    Test worker] o.hibernate.annotations.common.Version   : HCANN000001: Hibernate Commons Annotations {5.1.2.Final}
2023-08-01 22:51:19.952  INFO 8864 --- [    Test worker] com.zaxxer.hikari.HikariDataSource       : HikariPool-1 - Starting...
2023-08-01 22:51:20.064  INFO 8864 --- [    Test worker] com.zaxxer.hikari.HikariDataSource       : HikariPool-1 - Start completed.
2023-08-01 22:51:20.111  INFO 8864 --- [    Test worker] org.hibernate.dialect.Dialect            : HHH000400: Using dialect: org.hibernate.dialect.MariaDB103Dialect
2023-08-01 22:51:20.843  INFO 8864 --- [    Test worker] o.h.e.t.j.p.i.JtaPlatformInitiator       : HHH000490: Using JtaPlatform implementation: [org.hibernate.engine.transaction.jta.platform.internal.NoJtaPlatform]
2023-08-01 22:51:20.873  INFO 8864 --- [    Test worker] j.LocalContainerEntityManagerFactoryBean : Initialized JPA EntityManagerFactory for persistence unit 'default'
2023-08-01 22:51:21.763  WARN 8864 --- [    Test worker] JpaBaseConfiguration$JpaWebConfiguration : spring.jpa.open-in-view is enabled by default. Therefore, database queries may be performed during view rendering. Explicitly configure spring.jpa.open-in-view to disable this warning
2023-08-01 22:51:22.534  INFO 8864 --- [    Test worker] o.z.b01.service.BoardServiceImplTests    : Started BoardServiceImplTests in 4.871 seconds (JVM running for 6.142)
Hibernate: 
    select
        board0_.bno as bno1_0_0_,
        board0_.moddate as moddate2_0_0_,
        board0_.regdate as regdate3_0_0_,
        board0_.content as content4_0_0_,
        board0_.title as title5_0_0_,
        board0_.writer as writer6_0_0_ 
    from
        board board0_ 
    where
        board0_.bno=?
2023-08-01 22:51:22.929  INFO 8864 --- [    Test worker] o.z.b01.service.BoardServiceImplTests    : BoardDTO : BoardDTO(bno=99, title=title....99, content=content....99, writer=user9, regDate=2023-07-31T10:45:32.281942, modDate=2023-07-31T10:45:32.281942)
]]></system-out>
  <system-err><![CDATA[]]></system-err>
</testsuite>
