<?xml version="1.0" encoding="UTF-8"?>
<testsuite name="org.zerock.b01.repository.BoardRepositoryTests" tests="1" skipped="0" failures="0" errors="0" timestamp="2023-07-31T13:48:51" hostname="DESKTOP-2RHJQNG" time="0.335">
  <properties/>
  <testcase name="testSearch1()" classname="org.zerock.b01.repository.BoardRepositoryTests" time="0.335"/>
  <system-out><![CDATA[22:48:46.174 [Test worker] DEBUG org.springframework.test.context.BootstrapUtils - Instantiating CacheAwareContextLoaderDelegate from class [org.springframework.test.context.cache.DefaultCacheAwareContextLoaderDelegate]
22:48:46.184 [Test worker] DEBUG org.springframework.test.context.BootstrapUtils - Instantiating BootstrapContext using constructor [public org.springframework.test.context.support.DefaultBootstrapContext(java.lang.Class,org.springframework.test.context.CacheAwareContextLoaderDelegate)]
22:48:46.217 [Test worker] DEBUG org.springframework.test.context.BootstrapUtils - Instantiating TestContextBootstrapper for test class [org.zerock.b01.repository.BoardRepositoryTests] from class [org.springframework.boot.test.context.SpringBootTestContextBootstrapper]
22:48:46.227 [Test worker] INFO org.springframework.boot.test.context.SpringBootTestContextBootstrapper - Neither @ContextConfiguration nor @ContextHierarchy found for test class [org.zerock.b01.repository.BoardRepositoryTests], using SpringBootContextLoader
22:48:46.230 [Test worker] DEBUG org.springframework.test.context.support.AbstractContextLoader - Did not detect default resource location for test class [org.zerock.b01.repository.BoardRepositoryTests]: class path resource [org/zerock/b01/repository/BoardRepositoryTests-context.xml] does not exist
22:48:46.231 [Test worker] DEBUG org.springframework.test.context.support.AbstractContextLoader - Did not detect default resource location for test class [org.zerock.b01.repository.BoardRepositoryTests]: class path resource [org/zerock/b01/repository/BoardRepositoryTestsContext.groovy] does not exist
22:48:46.231 [Test worker] INFO org.springframework.test.context.support.AbstractContextLoader - Could not detect default resource locations for test class [org.zerock.b01.repository.BoardRepositoryTests]: no resource found for suffixes {-context.xml, Context.groovy}.
22:48:46.232 [Test worker] INFO org.springframework.test.context.support.AnnotationConfigContextLoaderUtils - Could not detect default configuration classes for test class [org.zerock.b01.repository.BoardRepositoryTests]: BoardRepositoryTests does not declare any static, non-private, non-final, nested classes annotated with @Configuration.
22:48:46.275 [Test worker] DEBUG org.springframework.test.context.support.ActiveProfilesUtils - Could not find an 'annotation declaring class' for annotation type [org.springframework.test.context.ActiveProfiles] and class [org.zerock.b01.repository.BoardRepositoryTests]
22:48:46.332 [Test worker] DEBUG org.springframework.context.annotation.ClassPathScanningCandidateComponentProvider - Identified candidate component class: file [C:\sooyeon's works\6.SpringBoot\b01\build\classes\java\main\org\zerock\b01\B01Application.class]
22:48:46.333 [Test worker] INFO org.springframework.boot.test.context.SpringBootTestContextBootstrapper - Found @SpringBootConfiguration org.zerock.b01.B01Application for test class org.zerock.b01.repository.BoardRepositoryTests
22:48:46.426 [Test worker] DEBUG org.springframework.boot.test.context.SpringBootTestContextBootstrapper - @TestExecutionListeners is not present for class [org.zerock.b01.repository.BoardRepositoryTests]: using defaults.
22:48:46.427 [Test worker] INFO org.springframework.boot.test.context.SpringBootTestContextBootstrapper - Loaded default TestExecutionListener class names from location [META-INF/spring.factories]: [org.springframework.boot.test.autoconfigure.restdocs.RestDocsTestExecutionListener, org.springframework.boot.test.autoconfigure.web.client.MockRestServiceServerResetTestExecutionListener, org.springframework.boot.test.autoconfigure.web.servlet.MockMvcPrintOnlyOnFailureTestExecutionListener, org.springframework.boot.test.autoconfigure.web.servlet.WebDriverTestExecutionListener, org.springframework.boot.test.autoconfigure.webservices.client.MockWebServiceServerTestExecutionListener, org.springframework.boot.test.mock.mockito.MockitoTestExecutionListener, org.springframework.boot.test.mock.mockito.ResetMocksTestExecutionListener, org.springframework.test.context.web.ServletTestExecutionListener, org.springframework.test.context.support.DirtiesContextBeforeModesTestExecutionListener, org.springframework.test.context.event.ApplicationEventsTestExecutionListener, org.springframework.test.context.support.DependencyInjectionTestExecutionListener, org.springframework.test.context.support.DirtiesContextTestExecutionListener, org.springframework.test.context.transaction.TransactionalTestExecutionListener, org.springframework.test.context.jdbc.SqlScriptsTestExecutionListener, org.springframework.test.context.event.EventPublishingTestExecutionListener]
22:48:46.451 [Test worker] INFO org.springframework.boot.test.context.SpringBootTestContextBootstrapper - Using TestExecutionListeners: [org.springframework.test.context.web.ServletTestExecutionListener@6a1d204a, org.springframework.test.context.support.DirtiesContextBeforeModesTestExecutionListener@62dae245, org.springframework.test.context.event.ApplicationEventsTestExecutionListener@4b6579e8, org.springframework.boot.test.mock.mockito.MockitoTestExecutionListener@6fff253c, org.springframework.boot.test.autoconfigure.SpringBootDependencyInjectionTestExecutionListener@6c6357f9, org.springframework.test.context.support.DirtiesContextTestExecutionListener@591e58fa, org.springframework.test.context.transaction.TransactionalTestExecutionListener@3954d008, org.springframework.test.context.jdbc.SqlScriptsTestExecutionListener@2f94c4db, org.springframework.test.context.event.EventPublishingTestExecutionListener@593e824f, org.springframework.boot.test.autoconfigure.restdocs.RestDocsTestExecutionListener@72ccd81a, org.springframework.boot.test.autoconfigure.web.client.MockRestServiceServerResetTestExecutionListener@6d8792db, org.springframework.boot.test.autoconfigure.web.servlet.MockMvcPrintOnlyOnFailureTestExecutionListener@64bc21ac, org.springframework.boot.test.autoconfigure.web.servlet.WebDriverTestExecutionListener@493dfb8e, org.springframework.boot.test.autoconfigure.webservices.client.MockWebServiceServerTestExecutionListener@5d25e6bb, org.springframework.boot.test.mock.mockito.ResetMocksTestExecutionListener@ce5a68e]
22:48:46.455 [Test worker] DEBUG org.springframework.test.context.support.AbstractDirtiesContextTestExecutionListener - Before test class: context [DefaultTestContext@4985cbcb testClass = BoardRepositoryTests, testInstance = [null], testMethod = [null], testException = [null], mergedContextConfiguration = [WebMergedContextConfiguration@72f46e16 testClass = BoardRepositoryTests, locations = '{}', classes = '{class org.zerock.b01.B01Application}', contextInitializerClasses = '[]', activeProfiles = '{}', propertySourceLocations = '{}', propertySourceProperties = '{org.springframework.boot.test.context.SpringBootTestContextBootstrapper=true}', contextCustomizers = set[org.springframework.boot.test.autoconfigure.actuate.metrics.MetricsExportContextCustomizerFactory$DisableMetricExportContextCustomizer@13d9b21f, org.springframework.boot.test.autoconfigure.properties.PropertyMappingContextCustomizer@0, org.springframework.boot.test.autoconfigure.web.servlet.WebDriverContextCustomizerFactory$Customizer@eda25e5, org.springframework.boot.test.context.filter.ExcludeFilterContextCustomizer@2fc6f97f, org.springframework.boot.test.json.DuplicateJsonObjectContextCustomizerFactory$DuplicateJsonObjectContextCustomizer@67304a40, org.springframework.boot.test.mock.mockito.MockitoContextCustomizer@0, org.springframework.boot.test.web.client.TestRestTemplateContextCustomizer@69653e16, org.springframework.boot.test.context.SpringBootTestArgs@1, org.springframework.boot.test.context.SpringBootTestWebEnvironment@37d4349f], resourceBasePath = 'src/main/webapp', contextLoader = 'org.springframework.boot.test.context.SpringBootContextLoader', parent = [null]], attributes = map['org.springframework.test.context.web.ServletTestExecutionListener.activateListener' -> true]], class annotated with @DirtiesContext [false] with mode [null].

  .   ____          _            __ _ _
 /\\ / ___'_ __ _ _(_)_ __  __ _ \ \ \ \
( ( )\___ | '_ | '_| | '_ \/ _` | \ \ \ \
 \\/  ___)| |_)| | | | | || (_| |  ) ) ) )
  '  |____| .__|_| |_|_| |_\__, | / / / /
 =========|_|==============|___/=/_/_/_/
 :: Spring Boot ::               (v2.7.14)

2023-07-31 22:48:46.771  INFO 3948 --- [    Test worker] o.z.b01.repository.BoardRepositoryTests  : Starting BoardRepositoryTests using Java 17.0.6 on DESKTOP-2RHJQNG with PID 3948 (started by tnrdu in C:\sooyeon's works\6.SpringBoot\b01)
2023-07-31 22:48:46.772 DEBUG 3948 --- [    Test worker] o.z.b01.repository.BoardRepositoryTests  : Running with Spring Boot v2.7.14, Spring v5.3.29
2023-07-31 22:48:46.772  INFO 3948 --- [    Test worker] o.z.b01.repository.BoardRepositoryTests  : No active profile set, falling back to 1 default profile: "default"
2023-07-31 22:48:47.541  INFO 3948 --- [    Test worker] .s.d.r.c.RepositoryConfigurationDelegate : Bootstrapping Spring Data JPA repositories in DEFAULT mode.
2023-07-31 22:48:47.598  INFO 3948 --- [    Test worker] .s.d.r.c.RepositoryConfigurationDelegate : Finished Spring Data repository scanning in 50 ms. Found 1 JPA repository interfaces.
2023-07-31 22:48:48.092  INFO 3948 --- [    Test worker] o.hibernate.jpa.internal.util.LogHelper  : HHH000204: Processing PersistenceUnitInfo [name: default]
2023-07-31 22:48:48.152  INFO 3948 --- [    Test worker] org.hibernate.Version                    : HHH000412: Hibernate ORM core version 5.6.15.Final
2023-07-31 22:48:48.323  INFO 3948 --- [    Test worker] o.hibernate.annotations.common.Version   : HCANN000001: Hibernate Commons Annotations {5.1.2.Final}
2023-07-31 22:48:48.449  INFO 3948 --- [    Test worker] com.zaxxer.hikari.HikariDataSource       : HikariPool-1 - Starting...
2023-07-31 22:48:48.516  INFO 3948 --- [    Test worker] com.zaxxer.hikari.HikariDataSource       : HikariPool-1 - Start completed.
2023-07-31 22:48:48.548  INFO 3948 --- [    Test worker] org.hibernate.dialect.Dialect            : HHH000400: Using dialect: org.hibernate.dialect.MariaDB103Dialect
2023-07-31 22:48:49.113  INFO 3948 --- [    Test worker] o.h.e.t.j.p.i.JtaPlatformInitiator       : HHH000490: Using JtaPlatform implementation: [org.hibernate.engine.transaction.jta.platform.internal.NoJtaPlatform]
2023-07-31 22:48:49.125  INFO 3948 --- [    Test worker] j.LocalContainerEntityManagerFactoryBean : Initialized JPA EntityManagerFactory for persistence unit 'default'
2023-07-31 22:48:50.049  WARN 3948 --- [    Test worker] JpaBaseConfiguration$JpaWebConfiguration : spring.jpa.open-in-view is enabled by default. Therefore, database queries may be performed during view rendering. Explicitly configure spring.jpa.open-in-view to disable this warning
2023-07-31 22:48:50.986  INFO 3948 --- [    Test worker] o.z.b01.repository.BoardRepositoryTests  : Started BoardRepositoryTests in 4.468 seconds (JVM running for 5.674)
Hibernate: 
    select
        board0_.bno as bno1_0_,
        board0_.moddate as moddate2_0_,
        board0_.regdate as regdate3_0_,
        board0_.content as content4_0_,
        board0_.title as title5_0_,
        board0_.writer as writer6_0_ 
    from
        board board0_ 
    where
        board0_.title like ? escape '!' 
    order by
        board0_.bno desc limit ?
Hibernate: 
    select
        count(board0_.bno) as col_0_0_ 
    from
        board board0_ 
    where
        board0_.title like ? escape '!'
2023-07-31 22:48:51.311  INFO 3948 --- [    Test worker] o.z.b01.repository.BoardRepositoryTests  : getTotalPages: 4
2023-07-31 22:48:51.314  INFO 3948 --- [    Test worker] o.z.b01.repository.BoardRepositoryTests  : getTotalPages: 20
2023-07-31 22:48:51.321  INFO 3948 --- [    Test worker] o.z.b01.repository.BoardRepositoryTests  : Board(bno=100, title=title....100, content=content....100, writer=user0)
2023-07-31 22:48:51.321  INFO 3948 --- [    Test worker] o.z.b01.repository.BoardRepositoryTests  : Board(bno=91, title=title....91, content=content....91, writer=user1)
2023-07-31 22:48:51.321  INFO 3948 --- [    Test worker] o.z.b01.repository.BoardRepositoryTests  : Board(bno=81, title=title....81, content=content....81, writer=user1)
2023-07-31 22:48:51.321  INFO 3948 --- [    Test worker] o.z.b01.repository.BoardRepositoryTests  : Board(bno=71, title=title....71, content=content....71, writer=user1)
2023-07-31 22:48:51.321  INFO 3948 --- [    Test worker] o.z.b01.repository.BoardRepositoryTests  : Board(bno=61, title=title....61, content=content....61, writer=user1)
]]></system-out>
  <system-err><![CDATA[]]></system-err>
</testsuite>
